<?xml version="1.0" encoding="UTF-8"?>
<!-- Generated by org.testng.reporters.JUnitReportReporter -->
<testsuite hostname="C17D92BBML7H" failures="0" tests="2" name="com.amazon.qa.tests.LoginTest" time="11.470" errors="0" timestamp="24 Jan 2023 04:23:05 GMT" skipped="0">
  <testcase classname="com.amazon.qa.tests.LoginTest" name="homePageTitle" time="6.089"/>
  <testcase classname="com.amazon.qa.tests.LoginTest" name="loginTest" time="5.381"/>
</testsuite> <!-- com.amazon.qa.tests.LoginTest -->
